This file contains any messages produced by compilers while
running configure, to aid debugging if configure makes a mistake.

It was created by nfc-eventd configure 0.1.7, which was
generated by GNU Autoconf 2.71.  Invocation command line was

  $ ./configure --prefix=/usr

## --------- ##
## Platform. ##
## --------- ##

hostname = runnervmh13bl
uname -m = x86_64
uname -r = 6.11.0-1018-azure
uname -s = Linux
uname -v = #18~24.04.1-Ubuntu SMP Sat Jun 28 04:46:03 UTC 2025

/usr/bin/uname -p = x86_64
/bin/uname -X     = unknown

/bin/arch              = x86_64
/usr/bin/arch -k       = unknown
/usr/convex/getsysinfo = unknown
/usr/bin/hostinfo      = unknown
/bin/machine           = unknown
/usr/bin/oslevel       = unknown
/bin/universe          = unknown

PATH: /home/runner/work/nfc-eventd/.codeql-scratch/dbs/cpp/working/autobuild/bin/
PATH: /snap/bin/
PATH: /home/runner/.local/bin/
PATH: /opt/pipx_bin/
PATH: /home/runner/.cargo/bin/
PATH: /home/runner/.config/composer/vendor/bin/
PATH: /usr/local/.ghcup/bin/
PATH: /home/runner/.dotnet/tools/
PATH: /usr/local/sbin/
PATH: /usr/local/bin/
PATH: /usr/sbin/
PATH: /usr/bin/
PATH: /sbin/
PATH: /bin/
PATH: /usr/games/
PATH: /usr/local/games/
PATH: /snap/bin/


## ----------- ##
## Core tests. ##
## ----------- ##

configure:2629: looking for aux files: config.guess config.sub ltmain.sh compile missing install-sh
configure:2642:  trying ./
configure:2671:   ./config.guess found
configure:2671:   ./config.sub found
configure:2671:   ./ltmain.sh found
configure:2671:   ./compile found
configure:2671:   ./missing found
configure:2653:   ./install-sh found
configure:2814: checking for a BSD-compatible install
configure:2887: result: /usr/bin/install -c
configure:2898: checking whether build environment is sane
configure:2953: result: yes
configure:3112: checking for a race-free mkdir -p
configure:3156: result: /usr/bin/mkdir -p
configure:3163: checking for gawk
configure:3184: found /usr/bin/gawk
configure:3195: result: gawk
configure:3206: checking whether make sets $(MAKE)
configure:3229: result: yes
configure:3259: checking whether make supports nested variables
configure:3277: result: yes
configure:3425: checking whether make supports nested variables
configure:3443: result: yes
configure:3527: checking for gcc
configure:3548: found /home/runner/work/nfc-eventd/.codeql-scratch/dbs/cpp/working/autobuild/bin/gcc
configure:3559: result: gcc
configure:3912: checking for C compiler version
configure:3921: gcc --version >&5
gcc (Ubuntu 13.3.0-6ubuntu2~24.04) 13.3.0
Copyright (C) 2023 Free Software Foundation, Inc.
This is free software; see the source for copying conditions.  There is NO
warranty; not even for MERCHANTABILITY or FITNESS FOR A PARTICULAR PURPOSE.

configure:3932: $? = 0
configure:3921: gcc -v >&5
Using built-in specs.
COLLECT_GCC=/usr/bin/gcc
COLLECT_LTO_WRAPPER=/usr/libexec/gcc/x86_64-linux-gnu/13/lto-wrapper
OFFLOAD_TARGET_NAMES=nvptx-none:amdgcn-amdhsa
OFFLOAD_TARGET_DEFAULT=1
Target: x86_64-linux-gnu
Configured with: ../src/configure -v --with-pkgversion='Ubuntu 13.3.0-6ubuntu2~24.04' --with-bugurl=file:///usr/share/doc/gcc-13/README.Bugs --enable-languages=c,ada,c++,go,d,fortran,objc,obj-c++,m2 --prefix=/usr --with-gcc-major-version-only --program-suffix=-13 --program-prefix=x86_64-linux-gnu- --enable-shared --enable-linker-build-id --libexecdir=/usr/libexec --without-included-gettext --enable-threads=posix --libdir=/usr/lib --enable-nls --enable-bootstrap --enable-clocale=gnu --enable-libstdcxx-debug --enable-libstdcxx-time=yes --with-default-libstdcxx-abi=new --enable-libstdcxx-backtrace --enable-gnu-unique-object --disable-vtable-verify --enable-plugin --enable-default-pie --with-system-zlib --enable-libphobos-checking=release --with-target-system-zlib=auto --enable-objc-gc=auto --enable-multiarch --disable-werror --enable-cet --with-arch-32=i686 --with-abi=m64 --with-multilib-list=m32,m64,mx32 --enable-multilib --with-tune=generic --enable-offload-targets=nvptx-none=/build/gcc-13-fG75Ri/gcc-13-13.3.0/debian/tmp-nvptx/usr,amdgcn-amdhsa=/build/gcc-13-fG75Ri/gcc-13-13.3.0/debian/tmp-gcn/usr --enable-offload-defaulted --without-cuda-driver --enable-checking=release --build=x86_64-linux-gnu --host=x86_64-linux-gnu --target=x86_64-linux-gnu --with-build-config=bootstrap-lto-lean --enable-link-serialization=2
Thread model: posix
Supported LTO compression algorithms: zlib zstd
gcc version 13.3.0 (Ubuntu 13.3.0-6ubuntu2~24.04) 
... rest of stderr output deleted ...
configure:3932: $? = 0
configure:3921: gcc -V >&5
gcc: error: unrecognized command-line option '-V'
gcc: fatal error: no input files
compilation terminated.
configure:3932: $? = 1
configure:3921: gcc -qversion >&5
gcc: error: unrecognized command-line option '-qversion'; did you mean '--version'?
gcc: fatal error: no input files
compilation terminated.
configure:3932: $? = 1
configure:3921: gcc -version >&5
gcc: error: unrecognized command-line option '-version'
gcc: fatal error: no input files
compilation terminated.
configure:3932: $? = 1
configure:3952: checking whether the C compiler works
configure:3974: gcc    conftest.c  >&5
configure:3978: $? = 0
configure:4028: result: yes
configure:4031: checking for C compiler default output file name
configure:4033: result: a.out
configure:4039: checking for suffix of executables
configure:4046: gcc -o conftest    conftest.c  >&5
configure:4050: $? = 0
configure:4073: result: 
configure:4095: checking whether we are cross compiling
configure:4103: gcc -o conftest    conftest.c  >&5
In file included from /usr/include/x86_64-linux-gnu/bits/libc-header-start.h:33,
                 from /usr/include/stdio.h:28,
                 from conftest.c:13:
/usr/include/features.h:196:3: warning: #warning "_BSD_SOURCE and _SVID_SOURCE are deprecated, use _DEFAULT_SOURCE" [-Wcpp]
  196 | # warning "_BSD_SOURCE and _SVID_SOURCE are deprecated, use _DEFAULT_SOURCE"
      |   ^~~~~~~
configure:4107: $? = 0
configure:4114: ./conftest
configure:4118: $? = 0
configure:4133: result: no
configure:4138: checking for suffix of object files
configure:4161: gcc -c   conftest.c >&5
configure:4165: $? = 0
configure:4187: result: o
configure:4191: checking whether the compiler supports GNU C
configure:4211: gcc -c   conftest.c >&5
configure:4211: $? = 0
configure:4221: result: yes
configure:4232: checking whether gcc accepts -g
configure:4253: gcc -c -g  conftest.c >&5
configure:4253: $? = 0
configure:4297: result: yes
configure:4317: checking for gcc option to enable C11 features
configure:4332: gcc  -c -g -O2  conftest.c >&5
configure:4332: $? = 0
configure:4350: result: none needed
configure:4466: checking whether gcc understands -c and -o together
configure:4489: gcc -c conftest.c -o conftest2.o
configure:4492: $? = 0
configure:4489: gcc -c conftest.c -o conftest2.o
configure:4492: $? = 0
configure:4504: result: yes
configure:4524: checking whether make supports the include directive
configure:4539: make -f confmf.GNU && cat confinc.out
this is the am__doit target
configure:4542: $? = 0
configure:4561: result: yes (GNU style)
configure:4587: checking dependency style of gcc
configure:4699: result: gcc3
configure:4714: checking whether make sets $(MAKE)
configure:4737: result: yes
configure:4778: checking build system type
configure:4793: result: x86_64-pc-linux-gnu
configure:4813: checking host system type
configure:4827: result: x86_64-pc-linux-gnu
configure:4868: checking how to print strings
configure:4895: result: printf
configure:4916: checking for a sed that does not truncate output
configure:4986: result: /usr/bin/sed
configure:5004: checking for grep that handles long lines and -e
configure:5068: result: /usr/bin/grep
configure:5073: checking for egrep
configure:5141: result: /usr/bin/grep -E
configure:5146: checking for fgrep
configure:5214: result: /usr/bin/grep -F
configure:5250: checking for ld used by gcc
configure:5318: result: /usr/bin/ld
configure:5325: checking if the linker (/usr/bin/ld) is GNU ld
configure:5341: result: yes
configure:5353: checking for BSD- or MS-compatible name lister (nm)
configure:5408: result: /usr/bin/nm -B
configure:5548: checking the name lister (/usr/bin/nm -B) interface
configure:5556: gcc -c -g -O2  conftest.c >&5
configure:5559: /usr/bin/nm -B "conftest.o"
configure:5562: output
0000000000000000 B some_variable
configure:5569: result: BSD nm
configure:5572: checking whether ln -s works
configure:5576: result: yes
configure:5584: checking the maximum length of command line arguments
configure:5716: result: 3145728
configure:5764: checking how to convert x86_64-pc-linux-gnu file names to x86_64-pc-linux-gnu format
configure:5805: result: func_convert_file_noop
configure:5812: checking how to convert x86_64-pc-linux-gnu file names to toolchain format
configure:5833: result: func_convert_file_noop
configure:5840: checking for /usr/bin/ld option to reload object files
configure:5848: result: -r
configure:5927: checking for file
configure:5948: found /usr/bin/file
configure:5959: result: file
configure:6035: checking for objdump
configure:6056: found /usr/bin/objdump
configure:6067: result: objdump
configure:6099: checking how to recognize dependent libraries
configure:6300: result: pass_all
configure:6390: checking for dlltool
configure:6425: result: no
configure:6455: checking how to associate runtime and link libraries
configure:6483: result: printf %s\n
configure:6549: checking for ar
configure:6570: found /usr/bin/ar
configure:6581: result: ar
configure:6634: checking for archiver @FILE support
configure:6652: gcc -c -g -O2  conftest.c >&5
configure:6652: $? = 0
configure:6656: ar cr libconftest.a @conftest.lst >&5
configure:6659: $? = 0
configure:6664: ar cr libconftest.a @conftest.lst >&5
ar: conftest.o: No such file or directory
configure:6667: $? = 1
configure:6679: result: @
configure:6742: checking for strip
configure:6763: found /usr/bin/strip
configure:6774: result: strip
configure:6851: checking for ranlib
configure:6872: found /usr/bin/ranlib
configure:6883: result: ranlib
configure:6985: checking command to parse /usr/bin/nm -B output from gcc object
configure:7139: gcc -c -g -O2  conftest.c >&5
configure:7142: $? = 0
configure:7146: /usr/bin/nm -B conftest.o | /usr/bin/sed -n -e 's/^.*[	 ]\([ABCDGIRSTW][ABCDGIRSTW]*\)[	 ][	 ]*\([_A-Za-z][_A-Za-z0-9]*\)$/\1 \2 \2/p' | /usr/bin/sed '/ __gnu_lto/d' > conftest.nm
configure:7212: gcc -o conftest -g -O2   conftest.c conftstm.o >&5
configure:7215: $? = 0
configure:7253: result: ok
configure:7300: checking for sysroot
configure:7331: result: no
configure:7338: checking for a working dd
configure:7382: result: /usr/bin/dd
configure:7386: checking how to truncate binary pipes
configure:7402: result: /usr/bin/dd bs=4096 count=1
configure:7539: gcc -c -g -O2  conftest.c >&5
configure:7542: $? = 0
configure:7739: checking for mt
configure:7760: found /usr/bin/mt
configure:7771: result: mt
configure:7794: checking if mt is a manifest tool
configure:7801: mt '-?'
configure:7809: result: no
configure:8534: checking for stdio.h
configure:8534: gcc -c -g -O2  conftest.c >&5
In file included from /usr/include/x86_64-linux-gnu/bits/libc-header-start.h:33,
                 from /usr/include/stdio.h:28,
                 from conftest.c:41:
/usr/include/features.h:196:3: warning: #warning "_BSD_SOURCE and _SVID_SOURCE are deprecated, use _DEFAULT_SOURCE" [-Wcpp]
  196 | # warning "_BSD_SOURCE and _SVID_SOURCE are deprecated, use _DEFAULT_SOURCE"
      |   ^~~~~~~
configure:8534: $? = 0
configure:8534: result: yes
configure:8534: checking for stdlib.h
configure:8534: gcc -c -g -O2  conftest.c >&5
In file included from /usr/include/x86_64-linux-gnu/bits/libc-header-start.h:33,
                 from /usr/include/stdio.h:28,
                 from conftest.c:16:
/usr/include/features.h:196:3: warning: #warning "_BSD_SOURCE and _SVID_SOURCE are deprecated, use _DEFAULT_SOURCE" [-Wcpp]
  196 | # warning "_BSD_SOURCE and _SVID_SOURCE are deprecated, use _DEFAULT_SOURCE"
      |   ^~~~~~~
configure:8534: $? = 0
configure:8534: result: yes
configure:8534: checking for string.h
configure:8534: gcc -c -g -O2  conftest.c >&5
In file included from /usr/include/x86_64-linux-gnu/bits/libc-header-start.h:33,
                 from /usr/include/stdio.h:28,
                 from conftest.c:17:
/usr/include/features.h:196:3: warning: #warning "_BSD_SOURCE and _SVID_SOURCE are deprecated, use _DEFAULT_SOURCE" [-Wcpp]
  196 | # warning "_BSD_SOURCE and _SVID_SOURCE are deprecated, use _DEFAULT_SOURCE"
      |   ^~~~~~~
configure:8534: $? = 0
configure:8534: result: yes
configure:8534: checking for inttypes.h
configure:8534: gcc -c -g -O2  conftest.c >&5
In file included from /usr/include/x86_64-linux-gnu/bits/libc-header-start.h:33,
                 from /usr/include/stdio.h:28,
                 from conftest.c:18:
/usr/include/features.h:196:3: warning: #warning "_BSD_SOURCE and _SVID_SOURCE are deprecated, use _DEFAULT_SOURCE" [-Wcpp]
  196 | # warning "_BSD_SOURCE and _SVID_SOURCE are deprecated, use _DEFAULT_SOURCE"
      |   ^~~~~~~
configure:8534: $? = 0
configure:8534: result: yes
configure:8534: checking for stdint.h
configure:8534: gcc -c -g -O2  conftest.c >&5
In file included from /usr/include/x86_64-linux-gnu/bits/libc-header-start.h:33,
                 from /usr/include/stdio.h:28,
                 from conftest.c:19:
/usr/include/features.h:196:3: warning: #warning "_BSD_SOURCE and _SVID_SOURCE are deprecated, use _DEFAULT_SOURCE" [-Wcpp]
  196 | # warning "_BSD_SOURCE and _SVID_SOURCE are deprecated, use _DEFAULT_SOURCE"
      |   ^~~~~~~
configure:8534: $? = 0
configure:8534: result: yes
configure:8534: checking for strings.h
configure:8534: gcc -c -g -O2  conftest.c >&5
In file included from /usr/include/x86_64-linux-gnu/bits/libc-header-start.h:33,
                 from /usr/include/stdio.h:28,
                 from conftest.c:20:
/usr/include/features.h:196:3: warning: #warning "_BSD_SOURCE and _SVID_SOURCE are deprecated, use _DEFAULT_SOURCE" [-Wcpp]
  196 | # warning "_BSD_SOURCE and _SVID_SOURCE are deprecated, use _DEFAULT_SOURCE"
      |   ^~~~~~~
configure:8534: $? = 0
configure:8534: result: yes
configure:8534: checking for sys/stat.h
configure:8534: gcc -c -g -O2  conftest.c >&5
In file included from /usr/include/x86_64-linux-gnu/bits/libc-header-start.h:33,
                 from /usr/include/stdio.h:28,
                 from conftest.c:21:
/usr/include/features.h:196:3: warning: #warning "_BSD_SOURCE and _SVID_SOURCE are deprecated, use _DEFAULT_SOURCE" [-Wcpp]
  196 | # warning "_BSD_SOURCE and _SVID_SOURCE are deprecated, use _DEFAULT_SOURCE"
      |   ^~~~~~~
configure:8534: $? = 0
configure:8534: result: yes
configure:8534: checking for sys/types.h
configure:8534: gcc -c -g -O2  conftest.c >&5
In file included from /usr/include/x86_64-linux-gnu/bits/libc-header-start.h:33,
                 from /usr/include/stdio.h:28,
                 from conftest.c:22:
/usr/include/features.h:196:3: warning: #warning "_BSD_SOURCE and _SVID_SOURCE are deprecated, use _DEFAULT_SOURCE" [-Wcpp]
  196 | # warning "_BSD_SOURCE and _SVID_SOURCE are deprecated, use _DEFAULT_SOURCE"
      |   ^~~~~~~
configure:8534: $? = 0
configure:8534: result: yes
configure:8534: checking for unistd.h
configure:8534: gcc -c -g -O2  conftest.c >&5
In file included from /usr/include/x86_64-linux-gnu/bits/libc-header-start.h:33,
                 from /usr/include/stdio.h:28,
                 from conftest.c:23:
/usr/include/features.h:196:3: warning: #warning "_BSD_SOURCE and _SVID_SOURCE are deprecated, use _DEFAULT_SOURCE" [-Wcpp]
  196 | # warning "_BSD_SOURCE and _SVID_SOURCE are deprecated, use _DEFAULT_SOURCE"
      |   ^~~~~~~
configure:8534: $? = 0
configure:8534: result: yes
configure:8534: checking for vfork.h
configure:8534: gcc -c -g -O2  conftest.c >&5
In file included from /usr/include/x86_64-linux-gnu/bits/libc-header-start.h:33,
                 from /usr/include/stdio.h:28,
                 from conftest.c:24:
/usr/include/features.h:196:3: warning: #warning "_BSD_SOURCE and _SVID_SOURCE are deprecated, use _DEFAULT_SOURCE" [-Wcpp]
  196 | # warning "_BSD_SOURCE and _SVID_SOURCE are deprecated, use _DEFAULT_SOURCE"
      |   ^~~~~~~
conftest.c:50:10: fatal error: vfork.h: No such file or directory
   50 | #include <vfork.h>
      |          ^~~~~~~~~
compilation terminated.
configure:8534: $? = 1
configure: failed program was:
| /* confdefs.h */
| #define PACKAGE_NAME "nfc-eventd"
| #define PACKAGE_TARNAME "nfc-eventd"
| #define PACKAGE_VERSION "0.1.7"
| #define PACKAGE_STRING "nfc-eventd 0.1.7"
| #define PACKAGE_BUGREPORT "romuald@libnfc.org"
| #define PACKAGE_URL ""
| #define SVN_REVISION ""
| #define PACKAGE "nfc-eventd"
| #define VERSION "0.1.7"
| #define _BSD_SOURCE 1
| #define HAVE_STDIO_H 1
| #define HAVE_STDLIB_H 1
| #define HAVE_STRING_H 1
| #define HAVE_INTTYPES_H 1
| #define HAVE_STDINT_H 1
| #define HAVE_STRINGS_H 1
| #define HAVE_SYS_STAT_H 1
| #define HAVE_SYS_TYPES_H 1
| #define HAVE_UNISTD_H 1
| /* end confdefs.h.  */
| #include <stddef.h>
| #ifdef HAVE_STDIO_H
| # include <stdio.h>
| #endif
| #ifdef HAVE_STDLIB_H
| # include <stdlib.h>
| #endif
| #ifdef HAVE_STRING_H
| # include <string.h>
| #endif
| #ifdef HAVE_INTTYPES_H
| # include <inttypes.h>
| #endif
| #ifdef HAVE_STDINT_H
| # include <stdint.h>
| #endif
| #ifdef HAVE_STRINGS_H
| # include <strings.h>
| #endif
| #ifdef HAVE_SYS_TYPES_H
| # include <sys/types.h>
| #endif
| #ifdef HAVE_SYS_STAT_H
| # include <sys/stat.h>
| #endif
| #ifdef HAVE_UNISTD_H
| # include <unistd.h>
| #endif
| #include <vfork.h>
configure:8534: result: no
configure:8559: checking for dlfcn.h
configure:8559: gcc -c -g -O2  conftest.c >&5
In file included from /usr/include/x86_64-linux-gnu/bits/libc-header-start.h:33,
                 from /usr/include/stdio.h:28,
                 from conftest.c:25:
/usr/include/features.h:196:3: warning: #warning "_BSD_SOURCE and _SVID_SOURCE are deprecated, use _DEFAULT_SOURCE" [-Wcpp]
  196 | # warning "_BSD_SOURCE and _SVID_SOURCE are deprecated, use _DEFAULT_SOURCE"
      |   ^~~~~~~
configure:8559: $? = 0
configure:8559: result: yes
configure:8818: checking for objdir
configure:8834: result: .libs
configure:9098: checking if gcc supports -fno-rtti -fno-exceptions
configure:9117: gcc -c -g -O2  -fno-rtti -fno-exceptions conftest.c >&5
cc1: warning: command-line option '-fno-rtti' is valid for C++/D/ObjC++ but not for C
configure:9121: $? = 0
configure:9134: result: no
configure:9498: checking for gcc option to produce PIC
configure:9506: result: -fPIC -DPIC
configure:9514: checking if gcc PIC flag -fPIC -DPIC works
configure:9533: gcc -c -g -O2  -fPIC -DPIC -DPIC conftest.c >&5
configure:9537: $? = 0
configure:9550: result: yes
configure:9579: checking if gcc static flag -static works
configure:9608: result: yes
configure:9623: checking if gcc supports -c -o file.o
configure:9645: gcc -c -g -O2  -o out/conftest2.o conftest.c >&5
configure:9649: $? = 0
configure:9671: result: yes
configure:9679: checking if gcc supports -c -o file.o
configure:9727: result: yes
configure:9760: checking whether the gcc linker (/usr/bin/ld -m elf_x86_64) supports shared libraries
configure:11034: result: yes
configure:11071: checking whether -lc should be explicitly linked in
configure:11080: gcc -c -g -O2  conftest.c >&5
configure:11083: $? = 0
configure:11098: gcc -shared  -fPIC -DPIC conftest.o  -v -Wl,-soname -Wl,conftest -o conftest 2\>\&1 \| /usr/bin/grep  -lc  \>/dev/null 2\>\&1
configure:11101: $? = 0
configure:11115: result: no
configure:11275: checking dynamic linker characteristics
configure:11857: gcc -o conftest -g -O2   -Wl,-rpath -Wl,/foo conftest.c  >&5
configure:11857: $? = 0
configure:12108: result: GNU/Linux ld.so
configure:12230: checking how to hardcode library paths into programs
configure:12255: result: immediate
configure:12807: checking whether stripping libraries is possible
configure:12816: result: yes
configure:12858: checking if libtool supports shared libraries
configure:12860: result: yes
configure:12863: checking whether to build shared libraries
configure:12888: result: yes
configure:12891: checking whether to build static libraries
configure:12895: result: yes
configure:12935: checking for pkg-config
configure:12958: found /usr/bin/pkg-config
configure:12971: result: /usr/bin/pkg-config
configure:12984: checking for egrep
configure:13052: result: /usr/bin/grep -E
configure:13058: checking for _Bool
configure:13058: gcc -c -g -O2  conftest.c >&5
In file included from /usr/include/x86_64-linux-gnu/bits/libc-header-start.h:33,
                 from /usr/include/stdio.h:28,
                 from conftest.c:27:
/usr/include/features.h:196:3: warning: #warning "_BSD_SOURCE and _SVID_SOURCE are deprecated, use _DEFAULT_SOURCE" [-Wcpp]
  196 | # warning "_BSD_SOURCE and _SVID_SOURCE are deprecated, use _DEFAULT_SOURCE"
      |   ^~~~~~~
configure:13058: $? = 0
configure:13058: gcc -c -g -O2  conftest.c >&5
In file included from /usr/include/x86_64-linux-gnu/bits/libc-header-start.h:33,
                 from /usr/include/stdio.h:28,
                 from conftest.c:27:
/usr/include/features.h:196:3: warning: #warning "_BSD_SOURCE and _SVID_SOURCE are deprecated, use _DEFAULT_SOURCE" [-Wcpp]
  196 | # warning "_BSD_SOURCE and _SVID_SOURCE are deprecated, use _DEFAULT_SOURCE"
      |   ^~~~~~~
conftest.c: In function 'main':
conftest.c:56:20: error: expected expression before ')' token
   56 | if (sizeof ((_Bool)))
      |                    ^
configure:13058: $? = 1
configure: failed program was:
| /* confdefs.h */
| #define PACKAGE_NAME "nfc-eventd"
| #define PACKAGE_TARNAME "nfc-eventd"
| #define PACKAGE_VERSION "0.1.7"
| #define PACKAGE_STRING "nfc-eventd 0.1.7"
| #define PACKAGE_BUGREPORT "romuald@libnfc.org"
| #define PACKAGE_URL ""
| #define SVN_REVISION ""
| #define PACKAGE "nfc-eventd"
| #define VERSION "0.1.7"
| #define _BSD_SOURCE 1
| #define HAVE_STDIO_H 1
| #define HAVE_STDLIB_H 1
| #define HAVE_STRING_H 1
| #define HAVE_INTTYPES_H 1
| #define HAVE_STDINT_H 1
| #define HAVE_STRINGS_H 1
| #define HAVE_SYS_STAT_H 1
| #define HAVE_SYS_TYPES_H 1
| #define HAVE_UNISTD_H 1
| #define STDC_HEADERS 1
| #define HAVE_DLFCN_H 1
| #define LT_OBJDIR ".libs/"
| /* end confdefs.h.  */
| #include <stddef.h>
| #ifdef HAVE_STDIO_H
| # include <stdio.h>
| #endif
| #ifdef HAVE_STDLIB_H
| # include <stdlib.h>
| #endif
| #ifdef HAVE_STRING_H
| # include <string.h>
| #endif
| #ifdef HAVE_INTTYPES_H
| # include <inttypes.h>
| #endif
| #ifdef HAVE_STDINT_H
| # include <stdint.h>
| #endif
| #ifdef HAVE_STRINGS_H
| # include <strings.h>
| #endif
| #ifdef HAVE_SYS_TYPES_H
| # include <sys/types.h>
| #endif
| #ifdef HAVE_SYS_STAT_H
| # include <sys/stat.h>
| #endif
| #ifdef HAVE_UNISTD_H
| # include <unistd.h>
| #endif
| int
| main (void)
| {
| if (sizeof ((_Bool)))
| 	    return 0;
|   ;
|   return 0;
| }
configure:13058: result: yes
configure:13067: checking for stdbool.h that conforms to C99
configure:13183: gcc -c -g -O2  conftest.c >&5
configure:13183: $? = 0
configure:13191: result: yes
configure:13200: checking for stdio.h
configure:13200: result: yes
configure:13206: checking for stdlib.h
configure:13206: result: yes
configure:13212: checking for stdint.h
configure:13212: result: yes
configure:13218: checking for stddef.h
configure:13218: gcc -c -g -O2  conftest.c >&5
In file included from /usr/include/x86_64-linux-gnu/bits/libc-header-start.h:33,
                 from /usr/include/stdio.h:28,
                 from conftest.c:32:
/usr/include/features.h:196:3: warning: #warning "_BSD_SOURCE and _SVID_SOURCE are deprecated, use _DEFAULT_SOURCE" [-Wcpp]
  196 | # warning "_BSD_SOURCE and _SVID_SOURCE are deprecated, use _DEFAULT_SOURCE"
      |   ^~~~~~~
configure:13218: $? = 0
configure:13218: result: yes
configure:13224: checking for stdbool.h
configure:13224: result: yes
configure:13231: checking for memset
configure:13231: gcc -o conftest -g -O2   conftest.c  >&5
In file included from /usr/include/x86_64-linux-gnu/bits/libc-header-start.h:33,
                 from /usr/include/limits.h:26,
                 from /usr/lib/gcc/x86_64-linux-gnu/13/include/limits.h:205,
                 from /usr/lib/gcc/x86_64-linux-gnu/13/include/syslimits.h:7,
                 from /usr/lib/gcc/x86_64-linux-gnu/13/include/limits.h:34,
                 from conftest.c:39:
/usr/include/features.h:196:3: warning: #warning "_BSD_SOURCE and _SVID_SOURCE are deprecated, use _DEFAULT_SOURCE" [-Wcpp]
  196 | # warning "_BSD_SOURCE and _SVID_SOURCE are deprecated, use _DEFAULT_SOURCE"
      |   ^~~~~~~
conftest.c:48:6: warning: conflicting types for built-in function 'memset'; expected 'void *(void *, int,  long unsigned int)' [-Wbuiltin-declaration-mismatch]
   48 | char memset ();
      |      ^~~~~~
conftest.c:40:1: note: 'memset' is declared in header '<string.h>'
   39 | #include <limits.h>
   40 | #undef memset
configure:13231: $? = 0
configure:13231: result: yes
configure:13238: checking for strcasecmp
configure:13238: gcc -o conftest -g -O2   conftest.c  >&5
In file included from /usr/include/x86_64-linux-gnu/bits/libc-header-start.h:33,
                 from /usr/include/limits.h:26,
                 from /usr/lib/gcc/x86_64-linux-gnu/13/include/limits.h:205,
                 from /usr/lib/gcc/x86_64-linux-gnu/13/include/syslimits.h:7,
                 from /usr/lib/gcc/x86_64-linux-gnu/13/include/limits.h:34,
                 from conftest.c:40:
/usr/include/features.h:196:3: warning: #warning "_BSD_SOURCE and _SVID_SOURCE are deprecated, use _DEFAULT_SOURCE" [-Wcpp]
  196 | # warning "_BSD_SOURCE and _SVID_SOURCE are deprecated, use _DEFAULT_SOURCE"
      |   ^~~~~~~
conftest.c:49:6: warning: conflicting types for built-in function 'strcasecmp'; expected 'int(const char *, const char *)' [-Wbuiltin-declaration-mismatch]
   49 | char strcasecmp ();
      |      ^~~~~~~~~~
configure:13238: $? = 0
configure:13238: result: yes
configure:13245: checking for strchr
configure:13245: gcc -o conftest -g -O2   conftest.c  >&5
In file included from /usr/include/x86_64-linux-gnu/bits/libc-header-start.h:33,
                 from /usr/include/limits.h:26,
                 from /usr/lib/gcc/x86_64-linux-gnu/13/include/limits.h:205,
                 from /usr/lib/gcc/x86_64-linux-gnu/13/include/syslimits.h:7,
                 from /usr/lib/gcc/x86_64-linux-gnu/13/include/limits.h:34,
                 from conftest.c:41:
/usr/include/features.h:196:3: warning: #warning "_BSD_SOURCE and _SVID_SOURCE are deprecated, use _DEFAULT_SOURCE" [-Wcpp]
  196 | # warning "_BSD_SOURCE and _SVID_SOURCE are deprecated, use _DEFAULT_SOURCE"
      |   ^~~~~~~
conftest.c:50:6: warning: conflicting types for built-in function 'strchr'; expected 'char *(const char *, int)' [-Wbuiltin-declaration-mismatch]
   50 | char strchr ();
      |      ^~~~~~
conftest.c:42:1: note: 'strchr' is declared in header '<string.h>'
   41 | #include <limits.h>
   42 | #undef strchr
configure:13245: $? = 0
configure:13245: result: yes
configure:13255: checking for strdup
configure:13255: gcc -o conftest -g -O2   conftest.c  >&5
In file included from /usr/include/x86_64-linux-gnu/bits/libc-header-start.h:33,
                 from /usr/include/limits.h:26,
                 from /usr/lib/gcc/x86_64-linux-gnu/13/include/limits.h:205,
                 from /usr/lib/gcc/x86_64-linux-gnu/13/include/syslimits.h:7,
                 from /usr/lib/gcc/x86_64-linux-gnu/13/include/limits.h:34,
                 from conftest.c:42:
/usr/include/features.h:196:3: warning: #warning "_BSD_SOURCE and _SVID_SOURCE are deprecated, use _DEFAULT_SOURCE" [-Wcpp]
  196 | # warning "_BSD_SOURCE and _SVID_SOURCE are deprecated, use _DEFAULT_SOURCE"
      |   ^~~~~~~
conftest.c:51:6: warning: conflicting types for built-in function 'strdup'; expected 'char *(const char *)' [-Wbuiltin-declaration-mismatch]
   51 | char strdup ();
      |      ^~~~~~
configure:13255: $? = 0
configure:13255: result: yes
configure:13265: checking for strerror
configure:13265: gcc -o conftest -g -O2   conftest.c  >&5
In file included from /usr/include/x86_64-linux-gnu/bits/libc-header-start.h:33,
                 from /usr/include/limits.h:26,
                 from /usr/lib/gcc/x86_64-linux-gnu/13/include/limits.h:205,
                 from /usr/lib/gcc/x86_64-linux-gnu/13/include/syslimits.h:7,
                 from /usr/lib/gcc/x86_64-linux-gnu/13/include/limits.h:34,
                 from conftest.c:44:
/usr/include/features.h:196:3: warning: #warning "_BSD_SOURCE and _SVID_SOURCE are deprecated, use _DEFAULT_SOURCE" [-Wcpp]
  196 | # warning "_BSD_SOURCE and _SVID_SOURCE are deprecated, use _DEFAULT_SOURCE"
      |   ^~~~~~~
configure:13265: $? = 0
configure:13265: result: yes
configure:13272: checking for strstr
configure:13272: gcc -o conftest -g -O2   conftest.c  >&5
In file included from /usr/include/x86_64-linux-gnu/bits/libc-header-start.h:33,
                 from /usr/include/limits.h:26,
                 from /usr/lib/gcc/x86_64-linux-gnu/13/include/limits.h:205,
                 from /usr/lib/gcc/x86_64-linux-gnu/13/include/syslimits.h:7,
                 from /usr/lib/gcc/x86_64-linux-gnu/13/include/limits.h:34,
                 from conftest.c:45:
/usr/include/features.h:196:3: warning: #warning "_BSD_SOURCE and _SVID_SOURCE are deprecated, use _DEFAULT_SOURCE" [-Wcpp]
  196 | # warning "_BSD_SOURCE and _SVID_SOURCE are deprecated, use _DEFAULT_SOURCE"
      |   ^~~~~~~
conftest.c:54:6: warning: conflicting types for built-in function 'strstr'; expected 'char *(const char *, const char *)' [-Wbuiltin-declaration-mismatch]
   54 | char strstr ();
      |      ^~~~~~
conftest.c:46:1: note: 'strstr' is declared in header '<string.h>'
   45 | #include <limits.h>
   46 | #undef strstr
configure:13272: $? = 0
configure:13272: result: yes
configure:13279: checking for strtol
configure:13279: gcc -o conftest -g -O2   conftest.c  >&5
In file included from /usr/include/x86_64-linux-gnu/bits/libc-header-start.h:33,
                 from /usr/include/limits.h:26,
                 from /usr/lib/gcc/x86_64-linux-gnu/13/include/limits.h:205,
                 from /usr/lib/gcc/x86_64-linux-gnu/13/include/syslimits.h:7,
                 from /usr/lib/gcc/x86_64-linux-gnu/13/include/limits.h:34,
                 from conftest.c:46:
/usr/include/features.h:196:3: warning: #warning "_BSD_SOURCE and _SVID_SOURCE are deprecated, use _DEFAULT_SOURCE" [-Wcpp]
  196 | # warning "_BSD_SOURCE and _SVID_SOURCE are deprecated, use _DEFAULT_SOURCE"
      |   ^~~~~~~
configure:13279: $? = 0
configure:13279: result: yes
configure:13286: checking for syslog.h
configure:13286: gcc -c -g -O2  conftest.c >&5
In file included from /usr/include/x86_64-linux-gnu/bits/libc-header-start.h:33,
                 from /usr/include/stdio.h:28,
                 from conftest.c:42:
/usr/include/features.h:196:3: warning: #warning "_BSD_SOURCE and _SVID_SOURCE are deprecated, use _DEFAULT_SOURCE" [-Wcpp]
  196 | # warning "_BSD_SOURCE and _SVID_SOURCE are deprecated, use _DEFAULT_SOURCE"
      |   ^~~~~~~
configure:13286: $? = 0
configure:13286: result: yes
configure:13293: checking for an ANSI C-conforming const
configure:13360: gcc -c -g -O2  conftest.c >&5
configure:13360: $? = 0
configure:13368: result: yes
configure:13377: checking for pid_t
configure:13377: gcc -c -g -O2  conftest.c >&5
In file included from /usr/include/x86_64-linux-gnu/bits/libc-header-start.h:33,
                 from /usr/include/stdio.h:28,
                 from conftest.c:43:
/usr/include/features.h:196:3: warning: #warning "_BSD_SOURCE and _SVID_SOURCE are deprecated, use _DEFAULT_SOURCE" [-Wcpp]
  196 | # warning "_BSD_SOURCE and _SVID_SOURCE are deprecated, use _DEFAULT_SOURCE"
      |   ^~~~~~~
configure:13377: $? = 0
configure:13377: gcc -c -g -O2  conftest.c >&5
In file included from /usr/include/x86_64-linux-gnu/bits/libc-header-start.h:33,
                 from /usr/include/stdio.h:28,
                 from conftest.c:43:
/usr/include/features.h:196:3: warning: #warning "_BSD_SOURCE and _SVID_SOURCE are deprecated, use _DEFAULT_SOURCE" [-Wcpp]
  196 | # warning "_BSD_SOURCE and _SVID_SOURCE are deprecated, use _DEFAULT_SOURCE"
      |   ^~~~~~~
conftest.c: In function 'main':
conftest.c:73:20: error: expected expression before ')' token
   73 | if (sizeof ((pid_t)))
      |                    ^
configure:13377: $? = 1
configure: failed program was:
| /* confdefs.h */
| #define PACKAGE_NAME "nfc-eventd"
| #define PACKAGE_TARNAME "nfc-eventd"
| #define PACKAGE_VERSION "0.1.7"
| #define PACKAGE_STRING "nfc-eventd 0.1.7"
| #define PACKAGE_BUGREPORT "romuald@libnfc.org"
| #define PACKAGE_URL ""
| #define SVN_REVISION ""
| #define PACKAGE "nfc-eventd"
| #define VERSION "0.1.7"
| #define _BSD_SOURCE 1
| #define HAVE_STDIO_H 1
| #define HAVE_STDLIB_H 1
| #define HAVE_STRING_H 1
| #define HAVE_INTTYPES_H 1
| #define HAVE_STDINT_H 1
| #define HAVE_STRINGS_H 1
| #define HAVE_SYS_STAT_H 1
| #define HAVE_SYS_TYPES_H 1
| #define HAVE_UNISTD_H 1
| #define STDC_HEADERS 1
| #define HAVE_DLFCN_H 1
| #define LT_OBJDIR ".libs/"
| #define HAVE__BOOL 1
| #define HAVE_STDBOOL_H 1
| #define HAVE_STDIO_H 1
| #define HAVE_STDLIB_H 1
| #define HAVE_STDINT_H 1
| #define HAVE_STDDEF_H 1
| #define HAVE_STDBOOL_H 1
| #define HAVE_MEMSET 1
| #define HAVE_STRCASECMP 1
| #define HAVE_STRCHR 1
| #define HAVE_STRDUP 1
| #define _XOPEN_SOURCE 600
| #define HAVE_STRERROR 1
| #define HAVE_STRSTR 1
| #define HAVE_STRTOL 1
| #define HAVE_SYSLOG_H 1
| /* end confdefs.h.  */
| #include <stddef.h>
| #ifdef HAVE_STDIO_H
| # include <stdio.h>
| #endif
| #ifdef HAVE_STDLIB_H
| # include <stdlib.h>
| #endif
| #ifdef HAVE_STRING_H
| # include <string.h>
| #endif
| #ifdef HAVE_INTTYPES_H
| # include <inttypes.h>
| #endif
| #ifdef HAVE_STDINT_H
| # include <stdint.h>
| #endif
| #ifdef HAVE_STRINGS_H
| # include <strings.h>
| #endif
| #ifdef HAVE_SYS_TYPES_H
| # include <sys/types.h>
| #endif
| #ifdef HAVE_SYS_STAT_H
| # include <sys/stat.h>
| #endif
| #ifdef HAVE_UNISTD_H
| # include <unistd.h>
| #endif
| 
| int
| main (void)
| {
| if (sizeof ((pid_t)))
| 	    return 0;
|   ;
|   return 0;
| }
configure:13377: result: yes
configure:13418: checking for fork
configure:13418: gcc -o conftest -g -O2   conftest.c  >&5
In file included from /usr/include/x86_64-linux-gnu/bits/libc-header-start.h:33,
                 from /usr/include/limits.h:26,
                 from /usr/lib/gcc/x86_64-linux-gnu/13/include/limits.h:205,
                 from /usr/lib/gcc/x86_64-linux-gnu/13/include/syslimits.h:7,
                 from /usr/lib/gcc/x86_64-linux-gnu/13/include/limits.h:34,
                 from conftest.c:48:
/usr/include/features.h:196:3: warning: #warning "_BSD_SOURCE and _SVID_SOURCE are deprecated, use _DEFAULT_SOURCE" [-Wcpp]
  196 | # warning "_BSD_SOURCE and _SVID_SOURCE are deprecated, use _DEFAULT_SOURCE"
      |   ^~~~~~~
conftest.c:57:6: warning: conflicting types for built-in function 'fork'; expected 'int(void)' [-Wbuiltin-declaration-mismatch]
   57 | char fork ();
      |      ^~~~
configure:13418: $? = 0
configure:13418: result: yes
configure:13418: checking for vfork
configure:13418: gcc -o conftest -g -O2   conftest.c  >&5
In file included from /usr/include/x86_64-linux-gnu/bits/libc-header-start.h:33,
                 from /usr/include/limits.h:26,
                 from /usr/lib/gcc/x86_64-linux-gnu/13/include/limits.h:205,
                 from /usr/lib/gcc/x86_64-linux-gnu/13/include/syslimits.h:7,
                 from /usr/lib/gcc/x86_64-linux-gnu/13/include/limits.h:34,
                 from conftest.c:49:
/usr/include/features.h:196:3: warning: #warning "_BSD_SOURCE and _SVID_SOURCE are deprecated, use _DEFAULT_SOURCE" [-Wcpp]
  196 | # warning "_BSD_SOURCE and _SVID_SOURCE are deprecated, use _DEFAULT_SOURCE"
      |   ^~~~~~~
configure:13418: $? = 0
configure:13418: result: yes
configure:13418: checking for vprintf
configure:13418: gcc -o conftest -g -O2   conftest.c  >&5
In file included from /usr/include/x86_64-linux-gnu/bits/libc-header-start.h:33,
                 from /usr/include/limits.h:26,
                 from /usr/lib/gcc/x86_64-linux-gnu/13/include/limits.h:205,
                 from /usr/lib/gcc/x86_64-linux-gnu/13/include/syslimits.h:7,
                 from /usr/lib/gcc/x86_64-linux-gnu/13/include/limits.h:34,
                 from conftest.c:50:
/usr/include/features.h:196:3: warning: #warning "_BSD_SOURCE and _SVID_SOURCE are deprecated, use _DEFAULT_SOURCE" [-Wcpp]
  196 | # warning "_BSD_SOURCE and _SVID_SOURCE are deprecated, use _DEFAULT_SOURCE"
      |   ^~~~~~~
conftest.c:59:6: warning: conflicting types for built-in function 'vprintf'; expected 'int(const char *, __va_list_tag *)' [-Wbuiltin-declaration-mismatch]
   59 | char vprintf ();
      |      ^~~~~~~
conftest.c:51:1: note: 'vprintf' is declared in header '<stdio.h>'
   50 | #include <limits.h>
   51 | #undef vprintf
configure:13418: $? = 0
configure:13418: result: yes
configure:13431: checking for working fork
configure:13455: gcc -o conftest -g -O2   conftest.c  >&5
In file included from /usr/include/x86_64-linux-gnu/bits/libc-header-start.h:33,
                 from /usr/include/stdio.h:28,
                 from conftest.c:46:
/usr/include/features.h:196:3: warning: #warning "_BSD_SOURCE and _SVID_SOURCE are deprecated, use _DEFAULT_SOURCE" [-Wcpp]
  196 | # warning "_BSD_SOURCE and _SVID_SOURCE are deprecated, use _DEFAULT_SOURCE"
      |   ^~~~~~~
configure:13455: $? = 0
configure:13455: ./conftest
configure:13455: $? = 0
configure:13466: result: yes
configure:13487: checking for working vfork
configure:13616: result: yes
configure:13641: checking for GNU libc compatible malloc
configure:13673: gcc -o conftest -g -O2   conftest.c  >&5
In file included from /usr/include/x86_64-linux-gnu/bits/libc-header-start.h:33,
                 from /usr/include/stdlib.h:26,
                 from conftest.c:46:
/usr/include/features.h:196:3: warning: #warning "_BSD_SOURCE and _SVID_SOURCE are deprecated, use _DEFAULT_SOURCE" [-Wcpp]
  196 | # warning "_BSD_SOURCE and _SVID_SOURCE are deprecated, use _DEFAULT_SOURCE"
      |   ^~~~~~~
configure:13673: $? = 0
configure:13673: ./conftest
configure:13673: $? = 0
configure:13684: result: yes
configure:13706: checking for GNU libc compatible realloc
configure:13738: gcc -o conftest -g -O2   conftest.c  >&5
In file included from /usr/include/x86_64-linux-gnu/bits/libc-header-start.h:33,
                 from /usr/include/stdlib.h:26,
                 from conftest.c:47:
/usr/include/features.h:196:3: warning: #warning "_BSD_SOURCE and _SVID_SOURCE are deprecated, use _DEFAULT_SOURCE" [-Wcpp]
  196 | # warning "_BSD_SOURCE and _SVID_SOURCE are deprecated, use _DEFAULT_SOURCE"
      |   ^~~~~~~
configure:13738: $? = 0
configure:13738: ./conftest
configure:13738: $? = 0
configure:13749: result: yes
configure:13784: checking for sys/wait.h that is POSIX.1 compatible
configure:13811: gcc -c -g -O2  conftest.c >&5
In file included from /usr/include/x86_64-linux-gnu/sys/types.h:25,
                 from conftest.c:48:
/usr/include/features.h:196:3: warning: #warning "_BSD_SOURCE and _SVID_SOURCE are deprecated, use _DEFAULT_SOURCE" [-Wcpp]
  196 | # warning "_BSD_SOURCE and _SVID_SOURCE are deprecated, use _DEFAULT_SOURCE"
      |   ^~~~~~~
configure:13811: $? = 0
configure:13819: result: yes
configure:13829: checking for size_t
configure:13829: gcc -c -g -O2  conftest.c >&5
In file included from /usr/include/x86_64-linux-gnu/bits/libc-header-start.h:33,
                 from /usr/include/stdio.h:28,
                 from conftest.c:51:
/usr/include/features.h:196:3: warning: #warning "_BSD_SOURCE and _SVID_SOURCE are deprecated, use _DEFAULT_SOURCE" [-Wcpp]
  196 | # warning "_BSD_SOURCE and _SVID_SOURCE are deprecated, use _DEFAULT_SOURCE"
      |   ^~~~~~~
configure:13829: $? = 0
configure:13829: gcc -c -g -O2  conftest.c >&5
In file included from /usr/include/x86_64-linux-gnu/bits/libc-header-start.h:33,
                 from /usr/include/stdio.h:28,
                 from conftest.c:51:
/usr/include/features.h:196:3: warning: #warning "_BSD_SOURCE and _SVID_SOURCE are deprecated, use _DEFAULT_SOURCE" [-Wcpp]
  196 | # warning "_BSD_SOURCE and _SVID_SOURCE are deprecated, use _DEFAULT_SOURCE"
      |   ^~~~~~~
conftest.c: In function 'main':
conftest.c:80:21: error: expected expression before ')' token
   80 | if (sizeof ((size_t)))
      |                     ^
configure:13829: $? = 1
configure: failed program was:
| /* confdefs.h */
| #define PACKAGE_NAME "nfc-eventd"
| #define PACKAGE_TARNAME "nfc-eventd"
| #define PACKAGE_VERSION "0.1.7"
| #define PACKAGE_STRING "nfc-eventd 0.1.7"
| #define PACKAGE_BUGREPORT "romuald@libnfc.org"
| #define PACKAGE_URL ""
| #define SVN_REVISION ""
| #define PACKAGE "nfc-eventd"
| #define VERSION "0.1.7"
| #define _BSD_SOURCE 1
| #define HAVE_STDIO_H 1
| #define HAVE_STDLIB_H 1
| #define HAVE_STRING_H 1
| #define HAVE_INTTYPES_H 1
| #define HAVE_STDINT_H 1
| #define HAVE_STRINGS_H 1
| #define HAVE_SYS_STAT_H 1
| #define HAVE_SYS_TYPES_H 1
| #define HAVE_UNISTD_H 1
| #define STDC_HEADERS 1
| #define HAVE_DLFCN_H 1
| #define LT_OBJDIR ".libs/"
| #define HAVE__BOOL 1
| #define HAVE_STDBOOL_H 1
| #define HAVE_STDIO_H 1
| #define HAVE_STDLIB_H 1
| #define HAVE_STDINT_H 1
| #define HAVE_STDDEF_H 1
| #define HAVE_STDBOOL_H 1
| #define HAVE_MEMSET 1
| #define HAVE_STRCASECMP 1
| #define HAVE_STRCHR 1
| #define HAVE_STRDUP 1
| #define _XOPEN_SOURCE 600
| #define HAVE_STRERROR 1
| #define HAVE_STRSTR 1
| #define HAVE_STRTOL 1
| #define HAVE_SYSLOG_H 1
| #define HAVE_FORK 1
| #define HAVE_VFORK 1
| #define HAVE_VPRINTF 1
| #define HAVE_WORKING_VFORK 1
| #define HAVE_WORKING_FORK 1
| #define HAVE_MALLOC 1
| #define HAVE_REALLOC 1
| #define HAVE_SYS_WAIT_H 1
| /* end confdefs.h.  */
| #include <stddef.h>
| #ifdef HAVE_STDIO_H
| # include <stdio.h>
| #endif
| #ifdef HAVE_STDLIB_H
| # include <stdlib.h>
| #endif
| #ifdef HAVE_STRING_H
| # include <string.h>
| #endif
| #ifdef HAVE_INTTYPES_H
| # include <inttypes.h>
| #endif
| #ifdef HAVE_STDINT_H
| # include <stdint.h>
| #endif
| #ifdef HAVE_STRINGS_H
| # include <strings.h>
| #endif
| #ifdef HAVE_SYS_TYPES_H
| # include <sys/types.h>
| #endif
| #ifdef HAVE_SYS_STAT_H
| # include <sys/stat.h>
| #endif
| #ifdef HAVE_UNISTD_H
| # include <unistd.h>
| #endif
| int
| main (void)
| {
| if (sizeof ((size_t)))
| 	    return 0;
|   ;
|   return 0;
| }
configure:13829: result: yes
configure:13839: checking for uint8_t
configure:13839: gcc -c -g -O2  conftest.c >&5
In file included from /usr/include/x86_64-linux-gnu/bits/libc-header-start.h:33,
                 from /usr/include/stdio.h:28,
                 from conftest.c:51:
/usr/include/features.h:196:3: warning: #warning "_BSD_SOURCE and _SVID_SOURCE are deprecated, use _DEFAULT_SOURCE" [-Wcpp]
  196 | # warning "_BSD_SOURCE and _SVID_SOURCE are deprecated, use _DEFAULT_SOURCE"
      |   ^~~~~~~
configure:13839: $? = 0
configure:13839: result: yes
configure:13851: checking for uint16_t
configure:13851: gcc -c -g -O2  conftest.c >&5
In file included from /usr/include/x86_64-linux-gnu/bits/libc-header-start.h:33,
                 from /usr/include/stdio.h:28,
                 from conftest.c:51:
/usr/include/features.h:196:3: warning: #warning "_BSD_SOURCE and _SVID_SOURCE are deprecated, use _DEFAULT_SOURCE" [-Wcpp]
  196 | # warning "_BSD_SOURCE and _SVID_SOURCE are deprecated, use _DEFAULT_SOURCE"
      |   ^~~~~~~
configure:13851: $? = 0
configure:13851: result: yes
configure:13861: checking for uint32_t
configure:13861: gcc -c -g -O2  conftest.c >&5
In file included from /usr/include/x86_64-linux-gnu/bits/libc-header-start.h:33,
                 from /usr/include/stdio.h:28,
                 from conftest.c:51:
/usr/include/features.h:196:3: warning: #warning "_BSD_SOURCE and _SVID_SOURCE are deprecated, use _DEFAULT_SOURCE" [-Wcpp]
  196 | # warning "_BSD_SOURCE and _SVID_SOURCE are deprecated, use _DEFAULT_SOURCE"
      |   ^~~~~~~
configure:13861: $? = 0
configure:13861: result: yes
configure:13873: checking for uint64_t
configure:13873: gcc -c -g -O2  conftest.c >&5
In file included from /usr/include/x86_64-linux-gnu/bits/libc-header-start.h:33,
                 from /usr/include/stdio.h:28,
                 from conftest.c:51:
/usr/include/features.h:196:3: warning: #warning "_BSD_SOURCE and _SVID_SOURCE are deprecated, use _DEFAULT_SOURCE" [-Wcpp]
  196 | # warning "_BSD_SOURCE and _SVID_SOURCE are deprecated, use _DEFAULT_SOURCE"
      |   ^~~~~~~
configure:13873: $? = 0
configure:13873: result: yes
configure:13885: checking for int32_t
configure:13885: gcc -c -g -O2  conftest.c >&5
In file included from /usr/include/x86_64-linux-gnu/bits/libc-header-start.h:33,
                 from /usr/include/stdio.h:28,
                 from conftest.c:51:
/usr/include/features.h:196:3: warning: #warning "_BSD_SOURCE and _SVID_SOURCE are deprecated, use _DEFAULT_SOURCE" [-Wcpp]
  196 | # warning "_BSD_SOURCE and _SVID_SOURCE are deprecated, use _DEFAULT_SOURCE"
      |   ^~~~~~~
configure:13885: $? = 0
configure:13885: gcc -c -g -O2  conftest.c >&5
In file included from /usr/include/x86_64-linux-gnu/bits/libc-header-start.h:33,
                 from /usr/include/stdio.h:28,
                 from conftest.c:51:
/usr/include/features.h:196:3: warning: #warning "_BSD_SOURCE and _SVID_SOURCE are deprecated, use _DEFAULT_SOURCE" [-Wcpp]
  196 | # warning "_BSD_SOURCE and _SVID_SOURCE are deprecated, use _DEFAULT_SOURCE"
      |   ^~~~~~~
conftest.c: In function 'main':
conftest.c:82:67: warning: integer overflow in expression of type 'int' results in '-2147483648' [-Woverflow]
   82 |                  < (int32_t) (((((int32_t) 1 << N) << N) - 1) * 2 + 2))];
      |                                                                   ^
conftest.c:81:12: error: storage size of 'test_array' isn't constant
   81 | static int test_array [1 - 2 * !((int32_t) (((((int32_t) 1 << N) << N) - 1) * 2 + 1)
      |            ^~~~~~~~~~
configure:13885: $? = 1
configure: failed program was:
| /* confdefs.h */
| #define PACKAGE_NAME "nfc-eventd"
| #define PACKAGE_TARNAME "nfc-eventd"
| #define PACKAGE_VERSION "0.1.7"
| #define PACKAGE_STRING "nfc-eventd 0.1.7"
| #define PACKAGE_BUGREPORT "romuald@libnfc.org"
| #define PACKAGE_URL ""
| #define SVN_REVISION ""
| #define PACKAGE "nfc-eventd"
| #define VERSION "0.1.7"
| #define _BSD_SOURCE 1
| #define HAVE_STDIO_H 1
| #define HAVE_STDLIB_H 1
| #define HAVE_STRING_H 1
| #define HAVE_INTTYPES_H 1
| #define HAVE_STDINT_H 1
| #define HAVE_STRINGS_H 1
| #define HAVE_SYS_STAT_H 1
| #define HAVE_SYS_TYPES_H 1
| #define HAVE_UNISTD_H 1
| #define STDC_HEADERS 1
| #define HAVE_DLFCN_H 1
| #define LT_OBJDIR ".libs/"
| #define HAVE__BOOL 1
| #define HAVE_STDBOOL_H 1
| #define HAVE_STDIO_H 1
| #define HAVE_STDLIB_H 1
| #define HAVE_STDINT_H 1
| #define HAVE_STDDEF_H 1
| #define HAVE_STDBOOL_H 1
| #define HAVE_MEMSET 1
| #define HAVE_STRCASECMP 1
| #define HAVE_STRCHR 1
| #define HAVE_STRDUP 1
| #define _XOPEN_SOURCE 600
| #define HAVE_STRERROR 1
| #define HAVE_STRSTR 1
| #define HAVE_STRTOL 1
| #define HAVE_SYSLOG_H 1
| #define HAVE_FORK 1
| #define HAVE_VFORK 1
| #define HAVE_VPRINTF 1
| #define HAVE_WORKING_VFORK 1
| #define HAVE_WORKING_FORK 1
| #define HAVE_MALLOC 1
| #define HAVE_REALLOC 1
| #define HAVE_SYS_WAIT_H 1
| /* end confdefs.h.  */
| #include <stddef.h>
| #ifdef HAVE_STDIO_H
| # include <stdio.h>
| #endif
| #ifdef HAVE_STDLIB_H
| # include <stdlib.h>
| #endif
| #ifdef HAVE_STRING_H
| # include <string.h>
| #endif
| #ifdef HAVE_INTTYPES_H
| # include <inttypes.h>
| #endif
| #ifdef HAVE_STDINT_H
| # include <stdint.h>
| #endif
| #ifdef HAVE_STRINGS_H
| # include <strings.h>
| #endif
| #ifdef HAVE_SYS_TYPES_H
| # include <sys/types.h>
| #endif
| #ifdef HAVE_SYS_STAT_H
| # include <sys/stat.h>
| #endif
| #ifdef HAVE_UNISTD_H
| # include <unistd.h>
| #endif
| 	        enum { N = 32 / 2 - 1 };
| int
| main (void)
| {
| static int test_array [1 - 2 * !((int32_t) (((((int32_t) 1 << N) << N) - 1) * 2 + 1)
| 		 < (int32_t) (((((int32_t) 1 << N) << N) - 1) * 2 + 2))];
| test_array [0] = 0;
| return test_array [0];
| 
|   ;
|   return 0;
| }
configure:13885: result: yes
configure:13905: checking for debug flag
configure:13907: result: no
configure:13926: checking for dbus support
configure:13928: result: no
configure:13934: checking for pkg-config
configure:13970: result: /usr/bin/pkg-config
configure:14100: checking pkg-config is at least version 0.9.0
configure:14103: result: yes
configure:14113: checking for libnfc >= 1.7.0
configure:14120: $PKG_CONFIG --exists --print-errors "libnfc >= $LIBNFC_REQUIRED_VERSION"
Package libnfc was not found in the pkg-config search path.
Perhaps you should add the directory containing `libnfc.pc'
to the PKG_CONFIG_PATH environment variable
Package 'libnfc', required by 'virtual:world', not found
configure:14123: $? = 1
configure:14137: $PKG_CONFIG --exists --print-errors "libnfc >= $LIBNFC_REQUIRED_VERSION"
Package libnfc was not found in the pkg-config search path.
Perhaps you should add the directory containing `libnfc.pc'
to the PKG_CONFIG_PATH environment variable
Package 'libnfc', required by 'virtual:world', not found
configure:14140: $? = 1
configure:14154: result: no
Package 'libnfc', required by 'virtual:world', not found
configure:14170: error: libnfc >= 1.7.0 is mandatory.

## ---------------- ##
## Cache variables. ##
## ---------------- ##

ac_cv_build=x86_64-pc-linux-gnu
ac_cv_c_compiler_gnu=yes
ac_cv_c_const=yes
ac_cv_c_int32_t=yes
ac_cv_c_uint16_t=yes
ac_cv_c_uint32_t=yes
ac_cv_c_uint64_t=yes
ac_cv_c_uint8_t=yes
ac_cv_env_CC_set=
ac_cv_env_CC_value=
ac_cv_env_CFLAGS_set=
ac_cv_env_CFLAGS_value=
ac_cv_env_CPPFLAGS_set=
ac_cv_env_CPPFLAGS_value=
ac_cv_env_DBUS_CFLAGS_set=
ac_cv_env_DBUS_CFLAGS_value=
ac_cv_env_DBUS_LIBS_set=
ac_cv_env_DBUS_LIBS_value=
ac_cv_env_LDFLAGS_set=
ac_cv_env_LDFLAGS_value=
ac_cv_env_LIBNFC_CFLAGS_set=
ac_cv_env_LIBNFC_CFLAGS_value=
ac_cv_env_LIBNFC_LIBS_set=
ac_cv_env_LIBNFC_LIBS_value=
ac_cv_env_LIBS_set=
ac_cv_env_LIBS_value=
ac_cv_env_LT_SYS_LIBRARY_PATH_set=
ac_cv_env_LT_SYS_LIBRARY_PATH_value=
ac_cv_env_PKG_CONFIG_LIBDIR_set=
ac_cv_env_PKG_CONFIG_LIBDIR_value=
ac_cv_env_PKG_CONFIG_PATH_set=
ac_cv_env_PKG_CONFIG_PATH_value=
ac_cv_env_PKG_CONFIG_set=
ac_cv_env_PKG_CONFIG_value=
ac_cv_env_build_alias_set=
ac_cv_env_build_alias_value=
ac_cv_env_host_alias_set=
ac_cv_env_host_alias_value=
ac_cv_env_target_alias_set=
ac_cv_env_target_alias_value=
ac_cv_func_fork=yes
ac_cv_func_fork_works=yes
ac_cv_func_malloc_0_nonnull=yes
ac_cv_func_memset=yes
ac_cv_func_realloc_0_nonnull=yes
ac_cv_func_strcasecmp=yes
ac_cv_func_strchr=yes
ac_cv_func_strdup=yes
ac_cv_func_strerror=yes
ac_cv_func_strstr=yes
ac_cv_func_strtol=yes
ac_cv_func_vfork=yes
ac_cv_func_vfork_works=yes
ac_cv_func_vprintf=yes
ac_cv_header_dlfcn_h=yes
ac_cv_header_inttypes_h=yes
ac_cv_header_stdbool_h=yes
ac_cv_header_stddef_h=yes
ac_cv_header_stdint_h=yes
ac_cv_header_stdio_h=yes
ac_cv_header_stdlib_h=yes
ac_cv_header_string_h=yes
ac_cv_header_strings_h=yes
ac_cv_header_sys_stat_h=yes
ac_cv_header_sys_types_h=yes
ac_cv_header_sys_wait_h=yes
ac_cv_header_syslog_h=yes
ac_cv_header_unistd_h=yes
ac_cv_header_vfork_h=no
ac_cv_host=x86_64-pc-linux-gnu
ac_cv_objext=o
ac_cv_path_EGREP='/usr/bin/grep -E'
ac_cv_path_FGREP='/usr/bin/grep -F'
ac_cv_path_GREP=/usr/bin/grep
ac_cv_path_PKG_CONFIG=/usr/bin/pkg-config
ac_cv_path_SED=/usr/bin/sed
ac_cv_path_install='/usr/bin/install -c'
ac_cv_path_lt_DD=/usr/bin/dd
ac_cv_path_mkdir=/usr/bin/mkdir
ac_cv_prog_AWK=gawk
ac_cv_prog_ac_ct_AR=ar
ac_cv_prog_ac_ct_CC=gcc
ac_cv_prog_ac_ct_FILECMD=file
ac_cv_prog_ac_ct_MANIFEST_TOOL=mt
ac_cv_prog_ac_ct_OBJDUMP=objdump
ac_cv_prog_ac_ct_RANLIB=ranlib
ac_cv_prog_ac_ct_STRIP=strip
ac_cv_prog_cc_c11=
ac_cv_prog_cc_g=yes
ac_cv_prog_cc_stdc=
ac_cv_prog_make_make_set=yes
ac_cv_type__Bool=yes
ac_cv_type_pid_t=yes
ac_cv_type_size_t=yes
am_cv_CC_dependencies_compiler_type=gcc3
am_cv_make_support_nested_variables=yes
am_cv_prog_cc_c_o=yes
lt_cv_ar_at_file=@
lt_cv_archive_cmds_need_lc=no
lt_cv_deplibs_check_method=pass_all
lt_cv_file_magic_cmd='$MAGIC_CMD'
lt_cv_file_magic_test_file=
lt_cv_ld_reload_flag=-r
lt_cv_nm_interface='BSD nm'
lt_cv_objdir=.libs
lt_cv_path_LD=/usr/bin/ld
lt_cv_path_NM='/usr/bin/nm -B'
lt_cv_path_mainfest_tool=no
lt_cv_prog_compiler_c_o=yes
lt_cv_prog_compiler_pic='-fPIC -DPIC'
lt_cv_prog_compiler_pic_works=yes
lt_cv_prog_compiler_rtti_exceptions=no
lt_cv_prog_compiler_static_works=yes
lt_cv_prog_gnu_ld=yes
lt_cv_sharedlib_from_linklib_cmd='printf %s\n'
lt_cv_shlibpath_overrides_runpath=yes
lt_cv_sys_global_symbol_pipe='/usr/bin/sed -n -e '\''s/^.*[	 ]\([ABCDGIRSTW][ABCDGIRSTW]*\)[	 ][	 ]*\([_A-Za-z][_A-Za-z0-9]*\)$/\1 \2 \2/p'\'' | /usr/bin/sed '\''/ __gnu_lto/d'\'''
lt_cv_sys_global_symbol_to_c_name_address='/usr/bin/sed -n -e '\''s/^: \(.*\) .*$/  {"\1", (void *) 0},/p'\'' -e '\''s/^[ABCDGIRSTW][ABCDGIRSTW]* .* \(.*\)$/  {"\1", (void *) \&\1},/p'\'''
lt_cv_sys_global_symbol_to_c_name_address_lib_prefix='/usr/bin/sed -n -e '\''s/^: \(.*\) .*$/  {"\1", (void *) 0},/p'\'' -e '\''s/^[ABCDGIRSTW][ABCDGIRSTW]* .* \(lib.*\)$/  {"\1", (void *) \&\1},/p'\'' -e '\''s/^[ABCDGIRSTW][ABCDGIRSTW]* .* \(.*\)$/  {"lib\1", (void *) \&\1},/p'\'''
lt_cv_sys_global_symbol_to_cdecl='/usr/bin/sed -n -e '\''s/^T .* \(.*\)$/extern int \1();/p'\'' -e '\''s/^[ABCDGIRSTW][ABCDGIRSTW]* .* \(.*\)$/extern char \1;/p'\'''
lt_cv_sys_global_symbol_to_import=
lt_cv_sys_max_cmd_len=3145728
lt_cv_to_host_file_cmd=func_convert_file_noop
lt_cv_to_tool_file_cmd=func_convert_file_noop
lt_cv_truncate_bin='/usr/bin/dd bs=4096 count=1'

## ----------------- ##
## Output variables. ##
## ----------------- ##

ACLOCAL='${SHELL} '\''/home/runner/work/nfc-eventd/nfc-eventd/missing'\'' aclocal-1.16'
AMDEPBACKSLASH='\'
AMDEP_FALSE='#'
AMDEP_TRUE=''
AMTAR='$${TAR-tar}'
AM_BACKSLASH='\'
AM_DEFAULT_V='$(AM_DEFAULT_VERBOSITY)'
AM_DEFAULT_VERBOSITY='0'
AM_V='$(V)'
AR='ar'
AUTOCONF='${SHELL} '\''/home/runner/work/nfc-eventd/nfc-eventd/missing'\'' autoconf'
AUTOHEADER='${SHELL} '\''/home/runner/work/nfc-eventd/nfc-eventd/missing'\'' autoheader'
AUTOMAKE='${SHELL} '\''/home/runner/work/nfc-eventd/nfc-eventd/missing'\'' automake-1.16'
AWK='gawk'
CC='gcc'
CCDEPMODE='depmode=gcc3'
CFLAGS='-g -O2'
CPPFLAGS=''
CSCOPE='cscope'
CTAGS='ctags'
CYGPATH_W='echo'
DBUS_CFLAGS=''
DBUS_ENABLED_FALSE=''
DBUS_ENABLED_TRUE=''
DBUS_LIBS=''
DEBUG_CFLAGS=''
DEFS=''
DEPDIR='.deps'
DLLTOOL='false'
DSYMUTIL=''
DUMPBIN=''
ECHO_C=''
ECHO_N='-n'
ECHO_T=''
EGREP='/usr/bin/grep -E'
ETAGS='etags'
EXEEXT=''
FGREP='/usr/bin/grep -F'
FILECMD='file'
GREP='/usr/bin/grep'
INSTALL_DATA='${INSTALL} -m 644'
INSTALL_PROGRAM='${INSTALL}'
INSTALL_SCRIPT='${INSTALL}'
INSTALL_STRIP_PROGRAM='$(install_sh) -c -s'
LD='/usr/bin/ld -m elf_x86_64'
LDFLAGS=''
LIBNFCCONF=''
LIBNFC_CFLAGS=''
LIBNFC_LIBS=''
LIBOBJS=''
LIBS=''
LIBTOOL='$(SHELL) $(top_builddir)/libtool'
LIPO=''
LN_S='ln -s'
LTLIBOBJS=''
LT_SYS_LIBRARY_PATH=''
MAKEINFO='${SHELL} '\''/home/runner/work/nfc-eventd/nfc-eventd/missing'\'' makeinfo'
MANIFEST_TOOL=':'
MKDIR_P='/usr/bin/mkdir -p'
NM='/usr/bin/nm -B'
NMEDIT=''
OBJDUMP='objdump'
OBJEXT='o'
OTOOL64=''
OTOOL=''
PACKAGE='nfc-eventd'
PACKAGE_BUGREPORT='romuald@libnfc.org'
PACKAGE_NAME='nfc-eventd'
PACKAGE_STRING='nfc-eventd 0.1.7'
PACKAGE_TARNAME='nfc-eventd'
PACKAGE_URL=''
PACKAGE_VERSION='0.1.7'
PATH_SEPARATOR=':'
PKG_CONFIG='/usr/bin/pkg-config'
PKG_CONFIG_LIBDIR=''
PKG_CONFIG_PATH=''
RANLIB='ranlib'
SED='/usr/bin/sed'
SET_MAKE=''
SHELL='/bin/bash'
STRIP='strip'
VERSION='0.1.7'
ac_ct_AR='ar'
ac_ct_CC='gcc'
ac_ct_DUMPBIN=''
am__EXEEXT_FALSE=''
am__EXEEXT_TRUE=''
am__fastdepCC_FALSE='#'
am__fastdepCC_TRUE=''
am__include='include'
am__isrc=''
am__leading_dot='.'
am__nodep='_no'
am__quote=''
am__tar='$${TAR-tar} chof - "$$tardir"'
am__untar='$${TAR-tar} xf -'
bindir='${exec_prefix}/bin'
build='x86_64-pc-linux-gnu'
build_alias=''
build_cpu='x86_64'
build_os='linux-gnu'
build_vendor='pc'
datadir='${datarootdir}'
datarootdir='${prefix}/share'
docdir='${datarootdir}/doc/${PACKAGE_TARNAME}'
dvidir='${docdir}'
exec_prefix='NONE'
host='x86_64-pc-linux-gnu'
host_alias=''
host_cpu='x86_64'
host_os='linux-gnu'
host_vendor='pc'
htmldir='${docdir}'
includedir='${prefix}/include'
infodir='${datarootdir}/info'
install_sh='${SHELL} /home/runner/work/nfc-eventd/nfc-eventd/install-sh'
libdir='${exec_prefix}/lib'
libexecdir='${exec_prefix}/libexec'
localedir='${datarootdir}/locale'
localstatedir='${prefix}/var'
mandir='${datarootdir}/man'
mkdir_p='$(MKDIR_P)'
nemdir=''
oldincludedir='/usr/include'
pdfdir='${docdir}'
prefix='/usr'
program_transform_name='s,x,x,'
psdir='${docdir}'
runstatedir='${localstatedir}/run'
sbindir='${exec_prefix}/sbin'
sharedstatedir='${prefix}/com'
sysconfdir='${prefix}/etc'
target_alias=''

## ----------- ##
## confdefs.h. ##
## ----------- ##

/* confdefs.h */
#define PACKAGE_NAME "nfc-eventd"
#define PACKAGE_TARNAME "nfc-eventd"
#define PACKAGE_VERSION "0.1.7"
#define PACKAGE_STRING "nfc-eventd 0.1.7"
#define PACKAGE_BUGREPORT "romuald@libnfc.org"
#define PACKAGE_URL ""
#define SVN_REVISION ""
#define PACKAGE "nfc-eventd"
#define VERSION "0.1.7"
#define _BSD_SOURCE 1
#define HAVE_STDIO_H 1
#define HAVE_STDLIB_H 1
#define HAVE_STRING_H 1
#define HAVE_INTTYPES_H 1
#define HAVE_STDINT_H 1
#define HAVE_STRINGS_H 1
#define HAVE_SYS_STAT_H 1
#define HAVE_SYS_TYPES_H 1
#define HAVE_UNISTD_H 1
#define STDC_HEADERS 1
#define HAVE_DLFCN_H 1
#define LT_OBJDIR ".libs/"
#define HAVE__BOOL 1
#define HAVE_STDBOOL_H 1
#define HAVE_STDIO_H 1
#define HAVE_STDLIB_H 1
#define HAVE_STDINT_H 1
#define HAVE_STDDEF_H 1
#define HAVE_STDBOOL_H 1
#define HAVE_MEMSET 1
#define HAVE_STRCASECMP 1
#define HAVE_STRCHR 1
#define HAVE_STRDUP 1
#define _XOPEN_SOURCE 600
#define HAVE_STRERROR 1
#define HAVE_STRSTR 1
#define HAVE_STRTOL 1
#define HAVE_SYSLOG_H 1
#define HAVE_FORK 1
#define HAVE_VFORK 1
#define HAVE_VPRINTF 1
#define HAVE_WORKING_VFORK 1
#define HAVE_WORKING_FORK 1
#define HAVE_MALLOC 1
#define HAVE_REALLOC 1
#define HAVE_SYS_WAIT_H 1

configure: exit 1
